# JRE version: OpenJDK Runtime Environment (21.0.4) (build 21.0.4+-12508038-b607.1)
# Java VM: OpenJDK 64-Bit Server VM (21.0.4+-12508038-b607.1, mixed mode, tiered, compressed oops, compressed class ptrs, g1 gc, windows-amd64)
GC Precious Log:
 CardTable entry size: 512
 Card Set container configuration: InlinePtr #cards 5 size 8 Array Of Cards #cards 12 size 40 Howl #buckets 4 coarsen threshold 1843 Howl Bitmap #cards 512 size 80 coarsen threshold 460 Card regions per heap region 1 cards per card region 2048
 CPUs: 12 total, 12 available
 Memory: 15773M
 Large Page Support: Disabled
 NUMA Support: Disabled
 Compressed Oops: Enabled (32-bit)
 Heap Region Size: 1M
 Heap Min Capacity: 8M
 Heap Initial Capacity: 248M
 Heap Max Capacity: 2G
 Pre-touch: Disabled
 Parallel Workers: 10
 Concurrent Workers: 3
 Concurrent Refinement Workers: 10
 Periodic GC: Disabled
Heap:
 garbage-first heap   total 215040K, used 138919K [0x0000000080000000, 0x0000000100000000)
  region size 1024K, 16 young (16384K), 7 survivors (7168K)
 Metaspace       used 123816K, committed 126080K, reserved 1179648K
  class space    used 16652K, committed 17792K, reserved 1048576K
GC Heap History (20 events):
Event: 19.447 GC heap before
{Heap before GC invocations=35 (full 0):
 garbage-first heap   total 162816K, used 146654K [0x0000000080000000, 0x0000000100000000)
  region size 1024K, 54 young (55296K), 6 survivors (6144K)
 Metaspace       used 103729K, committed 105856K, reserved 1179648K
  class space    used 14087K, committed 15168K, reserved 1048576K
}
Event: 19.458 GC heap after
{Heap after GC invocations=36 (full 0):
 garbage-first heap   total 162816K, used 100966K [0x0000000080000000, 0x0000000100000000)
  region size 1024K, 7 young (7168K), 7 survivors (7168K)
 Metaspace       used 103729K, committed 105856K, reserved 1179648K
  class space    used 14087K, committed 15168K, reserved 1048576K
}
Event: 20.231 GC heap before
{Heap before GC invocations=37 (full 0):
 garbage-first heap   total 168960K, used 146022K [0x0000000080000000, 0x0000000100000000)
  region size 1024K, 51 young (52224K), 7 survivors (7168K)
 Metaspace       used 107811K, committed 109952K, reserved 1179648K
  class space    used 14674K, committed 15744K, reserved 1048576K
}
Event: 20.242 GC heap after
{Heap after GC invocations=38 (full 0):
 garbage-first heap   total 168960K, used 103538K [0x0000000080000000, 0x0000000100000000)
  region size 1024K, 6 young (6144K), 6 survivors (6144K)
 Metaspace       used 107811K, committed 109952K, reserved 1179648K
  class space    used 14674K, committed 15744K, reserved 1048576K
}
Event: 21.043 GC heap before
{Heap before GC invocations=38 (full 0):
 garbage-first heap   total 168960K, used 156786K [0x0000000080000000, 0x0000000100000000)
  region size 1024K, 54 young (55296K), 6 survivors (6144K)
 Metaspace       used 111350K, committed 113472K, reserved 1179648K
  class space    used 14987K, committed 16064K, reserved 1048576K
}
Event: 21.054 GC heap after
{Heap after GC invocations=39 (full 0):
 garbage-first heap   total 205824K, used 107985K [0x0000000080000000, 0x0000000100000000)
  region size 1024K, 7 young (7168K), 7 survivors (7168K)
 Metaspace       used 111350K, committed 113472K, reserved 1179648K
  class space    used 14987K, committed 16064K, reserved 1048576K
}
Event: 21.908 GC heap before
{Heap before GC invocations=39 (full 0):
 garbage-first heap   total 205824K, used 185809K [0x0000000080000000, 0x0000000100000000)
  region size 1024K, 84 young (86016K), 7 survivors (7168K)
 Metaspace       used 113784K, committed 115968K, reserved 1179648K
  class space    used 15350K, committed 16448K, reserved 1048576K
}
Event: 21.917 GC heap after
{Heap after GC invocations=40 (full 0):
 garbage-first heap   total 205824K, used 114672K [0x0000000080000000, 0x0000000100000000)
  region size 1024K, 11 young (11264K), 11 survivors (11264K)
 Metaspace       used 113784K, committed 115968K, reserved 1179648K
  class space    used 15350K, committed 16448K, reserved 1048576K
}
Event: 22.414 GC heap before
{Heap before GC invocations=40 (full 0):
 garbage-first heap   total 205824K, used 182256K [0x0000000080000000, 0x0000000100000000)
  region size 1024K, 78 young (79872K), 11 survivors (11264K)
 Metaspace       used 114393K, committed 116544K, reserved 1179648K
  class space    used 15444K, committed 16576K, reserved 1048576K
}
Event: 22.424 GC heap after
{Heap after GC invocations=41 (full 0):
 garbage-first heap   total 205824K, used 119261K [0x0000000080000000, 0x0000000100000000)
  region size 1024K, 7 young (7168K), 7 survivors (7168K)
 Metaspace       used 114393K, committed 116544K, reserved 1179648K
  class space    used 15444K, committed 16576K, reserved 1048576K
}
Event: 22.758 GC heap before
{Heap before GC invocations=41 (full 0):
 garbage-first heap   total 205824K, used 185821K [0x0000000080000000, 0x0000000100000000)
  region size 1024K, 72 young (73728K), 7 survivors (7168K)
 Metaspace       used 115140K, committed 117312K, reserved 1179648K
  class space    used 15553K, committed 16640K, reserved 1048576K
}
Event: 22.766 GC heap after
{Heap after GC invocations=42 (full 0):
 garbage-first heap   total 205824K, used 122500K [0x0000000080000000, 0x0000000100000000)
  region size 1024K, 6 young (6144K), 6 survivors (6144K)
 Metaspace       used 115140K, committed 117312K, reserved 1179648K
  class space    used 15553K, committed 16640K, reserved 1048576K
}
Event: 24.755 GC heap before
{Heap before GC invocations=43 (full 0):
 garbage-first heap   total 206848K, used 185988K [0x0000000080000000, 0x0000000100000000)
  region size 1024K, 69 young (70656K), 6 survivors (6144K)
 Metaspace       used 116627K, committed 118848K, reserved 1179648K
  class space    used 15731K, committed 16832K, reserved 1048576K
}
Event: 24.766 GC heap after
{Heap after GC invocations=44 (full 0):
 garbage-first heap   total 206848K, used 128570K [0x0000000080000000, 0x0000000100000000)
  region size 1024K, 9 young (9216K), 9 survivors (9216K)
 Metaspace       used 116627K, committed 118848K, reserved 1179648K
  class space    used 15731K, committed 16832K, reserved 1048576K
}
Event: 25.305 GC heap before
{Heap before GC invocations=44 (full 0):
 garbage-first heap   total 206848K, used 183866K [0x0000000080000000, 0x0000000100000000)
  region size 1024K, 64 young (65536K), 9 survivors (9216K)
 Metaspace       used 118041K, committed 120256K, reserved 1179648K
  class space    used 15889K, committed 17024K, reserved 1048576K
}
Event: 25.313 GC heap after
{Heap after GC invocations=45 (full 0):
 garbage-first heap   total 206848K, used 127312K [0x0000000080000000, 0x0000000100000000)
  region size 1024K, 5 young (5120K), 5 survivors (5120K)
 Metaspace       used 118041K, committed 120256K, reserved 1179648K
  class space    used 15889K, committed 17024K, reserved 1048576K
}
Event: 25.943 GC heap before
{Heap before GC invocations=45 (full 0):
 garbage-first heap   total 206848K, used 187728K [0x0000000080000000, 0x0000000100000000)
  region size 1024K, 65 young (66560K), 5 survivors (5120K)
 Metaspace       used 119623K, committed 121856K, reserved 1179648K
  class space    used 16091K, committed 17216K, reserved 1048576K
}
Event: 25.950 GC heap after
{Heap after GC invocations=46 (full 0):
 garbage-first heap   total 206848K, used 128072K [0x0000000080000000, 0x0000000100000000)
  region size 1024K, 6 young (6144K), 6 survivors (6144K)
 Metaspace       used 119623K, committed 121856K, reserved 1179648K
  class space    used 16091K, committed 17216K, reserved 1048576K
}
Event: 29.018 GC heap before
{Heap before GC invocations=47 (full 0):
 garbage-first heap   total 215040K, used 189512K [0x0000000080000000, 0x0000000100000000)
  region size 1024K, 65 young (66560K), 6 survivors (6144K)
 Metaspace       used 123401K, committed 125632K, reserved 1179648K
  class space    used 16586K, committed 17728K, reserved 1048576K
}
Event: 29.025 GC heap after
{Heap after GC invocations=48 (full 0):
 garbage-first heap   total 215040K, used 131751K [0x0000000080000000, 0x0000000100000000)
  region size 1024K, 7 young (7168K), 7 survivors (7168K)
 Metaspace       used 123401K, committed 125632K, reserved 1179648K
  class space    used 16586K, committed 17728K, reserved 1048576K
}

