# JRE version: OpenJDK Runtime Environment (21.0.4) (build 21.0.4+-12508038-b607.1)
# Java VM: OpenJDK 64-Bit Server VM (21.0.4+-12508038-b607.1, mixed mode, tiered, compressed oops, compressed class ptrs, g1 gc, windows-amd64)
GC Precious Log:
 CardTable entry size: 512
 Card Set container configuration: InlinePtr #cards 5 size 8 Array Of Cards #cards 12 size 40 Howl #buckets 4 coarsen threshold 1843 Howl Bitmap #cards 512 size 80 coarsen threshold 460 Card regions per heap region 1 cards per card region 2048
 CPUs: 12 total, 12 available
 Memory: 15773M
 Large Page Support: Disabled
 NUMA Support: Disabled
 Compressed Oops: Enabled (32-bit)
 Heap Region Size: 1M
 Heap Min Capacity: 8M
 Heap Initial Capacity: 248M
 Heap Max Capacity: 2G
 Pre-touch: Disabled
 Parallel Workers: 10
 Concurrent Workers: 3
 Concurrent Refinement Workers: 10
 Periodic GC: Disabled
Heap:
 garbage-first heap   total 113664K, used 106460K [0x0000000080000000, 0x0000000100000000)
  region size 1024K, 43 young (44032K), 3 survivors (3072K)
 Metaspace       used 69602K, committed 71296K, reserved 1114112K
  class space    used 9452K, committed 10304K, reserved 1048576K
GC Heap History (20 events):
Event: 4.096 GC heap after
{Heap after GC invocations=11 (full 0):
 garbage-first heap   total 89088K, used 33700K [0x0000000080000000, 0x0000000100000000)
  region size 1024K, 3 young (3072K), 3 survivors (3072K)
 Metaspace       used 46568K, committed 47872K, reserved 1114112K
  class space    used 6223K, committed 6848K, reserved 1048576K
}
Event: 4.418 GC heap before
{Heap before GC invocations=11 (full 0):
 garbage-first heap   total 89088K, used 77732K [0x0000000080000000, 0x0000000100000000)
  region size 1024K, 46 young (47104K), 3 survivors (3072K)
 Metaspace       used 51015K, committed 52544K, reserved 1114112K
  class space    used 6955K, committed 7680K, reserved 1048576K
}
Event: 4.420 GC heap after
{Heap after GC invocations=12 (full 0):
 garbage-first heap   total 89088K, used 35964K [0x0000000080000000, 0x0000000100000000)
  region size 1024K, 5 young (5120K), 5 survivors (5120K)
 Metaspace       used 51015K, committed 52544K, reserved 1114112K
  class space    used 6955K, committed 7680K, reserved 1048576K
}
Event: 4.805 GC heap before
{Heap before GC invocations=12 (full 0):
 garbage-first heap   total 89088K, used 78972K [0x0000000080000000, 0x0000000100000000)
  region size 1024K, 46 young (47104K), 5 survivors (5120K)
 Metaspace       used 57386K, committed 58880K, reserved 1114112K
  class space    used 7740K, committed 8448K, reserved 1048576K
}
Event: 4.808 GC heap after
{Heap after GC invocations=13 (full 0):
 garbage-first heap   total 89088K, used 37797K [0x0000000080000000, 0x0000000100000000)
  region size 1024K, 5 young (5120K), 5 survivors (5120K)
 Metaspace       used 57386K, committed 58880K, reserved 1114112K
  class space    used 7740K, committed 8448K, reserved 1048576K
}
Event: 4.911 GC heap before
{Heap before GC invocations=13 (full 0):
 garbage-first heap   total 89088K, used 48037K [0x0000000080000000, 0x0000000100000000)
  region size 1024K, 16 young (16384K), 5 survivors (5120K)
 Metaspace       used 59193K, committed 60736K, reserved 1114112K
  class space    used 8013K, committed 8768K, reserved 1048576K
}
Event: 4.914 GC heap after
{Heap after GC invocations=14 (full 0):
 garbage-first heap   total 89088K, used 38653K [0x0000000080000000, 0x0000000100000000)
  region size 1024K, 3 young (3072K), 3 survivors (3072K)
 Metaspace       used 59193K, committed 60736K, reserved 1114112K
  class space    used 8013K, committed 8768K, reserved 1048576K
}
Event: 5.376 GC heap before
{Heap before GC invocations=15 (full 0):
 garbage-first heap   total 89088K, used 79613K [0x0000000080000000, 0x0000000100000000)
  region size 1024K, 43 young (44032K), 3 survivors (3072K)
 Metaspace       used 64417K, committed 66048K, reserved 1114112K
  class space    used 8849K, committed 9664K, reserved 1048576K
}
Event: 5.378 GC heap after
{Heap after GC invocations=16 (full 0):
 garbage-first heap   total 89088K, used 41249K [0x0000000080000000, 0x0000000100000000)
  region size 1024K, 6 young (6144K), 6 survivors (6144K)
 Metaspace       used 64417K, committed 66048K, reserved 1114112K
  class space    used 8849K, committed 9664K, reserved 1048576K
}
Event: 5.684 GC heap before
{Heap before GC invocations=16 (full 0):
 garbage-first heap   total 89088K, used 75041K [0x0000000080000000, 0x0000000100000000)
  region size 1024K, 40 young (40960K), 6 survivors (6144K)
 Metaspace       used 65904K, committed 67584K, reserved 1114112K
  class space    used 9037K, committed 9856K, reserved 1048576K
}
Event: 5.689 GC heap after
{Heap after GC invocations=17 (full 0):
 garbage-first heap   total 89088K, used 46187K [0x0000000080000000, 0x0000000100000000)
  region size 1024K, 5 young (5120K), 5 survivors (5120K)
 Metaspace       used 65904K, committed 67584K, reserved 1114112K
  class space    used 9037K, committed 9856K, reserved 1048576K
}
Event: 5.802 GC heap before
{Heap before GC invocations=17 (full 0):
 garbage-first heap   total 89088K, used 76907K [0x0000000080000000, 0x0000000100000000)
  region size 1024K, 36 young (36864K), 5 survivors (5120K)
 Metaspace       used 66290K, committed 67904K, reserved 1114112K
  class space    used 9065K, committed 9856K, reserved 1048576K
}
Event: 5.805 GC heap after
{Heap after GC invocations=18 (full 0):
 garbage-first heap   total 107520K, used 48167K [0x0000000080000000, 0x0000000100000000)
  region size 1024K, 4 young (4096K), 4 survivors (4096K)
 Metaspace       used 66290K, committed 67904K, reserved 1114112K
  class space    used 9065K, committed 9856K, reserved 1048576K
}
Event: 5.898 GC heap before
{Heap before GC invocations=19 (full 0):
 garbage-first heap   total 107520K, used 92199K [0x0000000080000000, 0x0000000100000000)
  region size 1024K, 48 young (49152K), 4 survivors (4096K)
 Metaspace       used 66502K, committed 68160K, reserved 1114112K
  class space    used 9065K, committed 9856K, reserved 1048576K
}
Event: 5.900 GC heap after
{Heap after GC invocations=20 (full 0):
 garbage-first heap   total 107520K, used 49038K [0x0000000080000000, 0x0000000100000000)
  region size 1024K, 5 young (5120K), 5 survivors (5120K)
 Metaspace       used 66502K, committed 68160K, reserved 1114112K
  class space    used 9065K, committed 9856K, reserved 1048576K
}
Event: 5.977 GC heap before
{Heap before GC invocations=20 (full 0):
 garbage-first heap   total 107520K, used 93070K [0x0000000080000000, 0x0000000100000000)
  region size 1024K, 49 young (50176K), 5 survivors (5120K)
 Metaspace       used 66602K, committed 68224K, reserved 1114112K
  class space    used 9065K, committed 9856K, reserved 1048576K
}
Event: 5.979 GC heap after
{Heap after GC invocations=21 (full 0):
 garbage-first heap   total 107520K, used 48612K [0x0000000080000000, 0x0000000100000000)
  region size 1024K, 5 young (5120K), 5 survivors (5120K)
 Metaspace       used 66602K, committed 68224K, reserved 1114112K
  class space    used 9065K, committed 9856K, reserved 1048576K
}
Event: 6.098 GC heap before
{Heap before GC invocations=21 (full 0):
 garbage-first heap   total 107520K, used 91620K [0x0000000080000000, 0x0000000100000000)
  region size 1024K, 49 young (50176K), 5 survivors (5120K)
 Metaspace       used 66904K, committed 68544K, reserved 1114112K
  class space    used 9103K, committed 9920K, reserved 1048576K
}
Event: 6.101 GC heap after
{Heap after GC invocations=22 (full 0):
 garbage-first heap   total 107520K, used 50140K [0x0000000080000000, 0x0000000100000000)
  region size 1024K, 5 young (5120K), 5 survivors (5120K)
 Metaspace       used 66904K, committed 68544K, reserved 1114112K
  class space    used 9103K, committed 9920K, reserved 1048576K
}
Event: 6.530 GC heap before
{Heap before GC invocations=23 (full 0):
 garbage-first heap   total 107520K, used 105436K [0x0000000080000000, 0x0000000100000000)
  region size 1024K, 45 young (46080K), 5 survivors (5120K)
 Metaspace       used 69602K, committed 71296K, reserved 1114112K
  class space    used 9452K, committed 10304K, reserved 1048576K
}

