# JRE version: OpenJDK Runtime Environment (21.0.4) (build 21.0.4+-12508038-b607.1)
# Java VM: OpenJDK 64-Bit Server VM (21.0.4+-12508038-b607.1, mixed mode, tiered, compressed oops, compressed class ptrs, g1 gc, windows-amd64)
GC Precious Log:
 CardTable entry size: 512
 Card Set container configuration: InlinePtr #cards 5 size 8 Array Of Cards #cards 12 size 40 Howl #buckets 4 coarsen threshold 1843 Howl Bitmap #cards 512 size 80 coarsen threshold 460 Card regions per heap region 1 cards per card region 2048
 CPUs: 12 total, 12 available
 Memory: 15773M
 Large Page Support: Disabled
 NUMA Support: Disabled
 Compressed Oops: Enabled (32-bit)
 Heap Region Size: 1M
 Heap Min Capacity: 8M
 Heap Initial Capacity: 248M
 Heap Max Capacity: 2G
 Pre-touch: Disabled
 Parallel Workers: 10
 Concurrent Workers: 3
 Concurrent Refinement Workers: 10
 Periodic GC: Disabled
Heap:
 garbage-first heap   total 419840K, used 294951K [0x0000000080000000, 0x0000000100000000)
  region size 1024K, 23 young (23552K), 10 survivors (10240K)
 Metaspace       used 205884K, committed 208704K, reserved 1245184K
  class space    used 25966K, committed 27392K, reserved 1048576K
GC Heap History (20 events):
Event: 15.355 GC heap before
{Heap before GC invocations=56 (full 0):
 garbage-first heap   total 368640K, used 326238K [0x0000000080000000, 0x0000000100000000)
  region size 1024K, 112 young (114688K), 9 survivors (9216K)
 Metaspace       used 174788K, committed 177472K, reserved 1245184K
  class space    used 22385K, committed 23744K, reserved 1048576K
}
Event: 15.359 GC heap after
{Heap after GC invocations=57 (full 0):
 garbage-first heap   total 368640K, used 224822K [0x0000000080000000, 0x0000000100000000)
  region size 1024K, 11 young (11264K), 11 survivors (11264K)
 Metaspace       used 174788K, committed 177472K, reserved 1245184K
  class space    used 22385K, committed 23744K, reserved 1048576K
}
Event: 15.866 GC heap before
{Heap before GC invocations=57 (full 0):
 garbage-first heap   total 368640K, used 337462K [0x0000000080000000, 0x0000000100000000)
  region size 1024K, 121 young (123904K), 11 survivors (11264K)
 Metaspace       used 174788K, committed 177472K, reserved 1245184K
  class space    used 22385K, committed 23744K, reserved 1048576K
}
Event: 15.872 GC heap after
{Heap after GC invocations=58 (full 0):
 garbage-first heap   total 368640K, used 224256K [0x0000000080000000, 0x0000000100000000)
  region size 1024K, 10 young (10240K), 10 survivors (10240K)
 Metaspace       used 174788K, committed 177472K, reserved 1245184K
  class space    used 22385K, committed 23744K, reserved 1048576K
}
Event: 16.317 GC heap before
{Heap before GC invocations=58 (full 0):
 garbage-first heap   total 368640K, used 339968K [0x0000000080000000, 0x0000000100000000)
  region size 1024K, 123 young (125952K), 10 survivors (10240K)
 Metaspace       used 174789K, committed 177472K, reserved 1245184K
  class space    used 22385K, committed 23744K, reserved 1048576K
}
Event: 16.322 GC heap after
{Heap after GC invocations=59 (full 0):
 garbage-first heap   total 368640K, used 228658K [0x0000000080000000, 0x0000000100000000)
  region size 1024K, 10 young (10240K), 10 survivors (10240K)
 Metaspace       used 174789K, committed 177472K, reserved 1245184K
  class space    used 22385K, committed 23744K, reserved 1048576K
}
Event: 16.742 GC heap before
{Heap before GC invocations=60 (full 0):
 garbage-first heap   total 382976K, used 337202K [0x0000000080000000, 0x0000000100000000)
  region size 1024K, 116 young (118784K), 10 survivors (10240K)
 Metaspace       used 174789K, committed 177472K, reserved 1245184K
  class space    used 22385K, committed 23744K, reserved 1048576K
}
Event: 16.747 GC heap after
{Heap after GC invocations=61 (full 0):
 garbage-first heap   total 382976K, used 232234K [0x0000000080000000, 0x0000000100000000)
  region size 1024K, 10 young (10240K), 10 survivors (10240K)
 Metaspace       used 174789K, committed 177472K, reserved 1245184K
  class space    used 22385K, committed 23744K, reserved 1048576K
}
Event: 17.506 GC heap before
{Heap before GC invocations=61 (full 0):
 garbage-first heap   total 382976K, used 353066K [0x0000000080000000, 0x0000000100000000)
  region size 1024K, 127 young (130048K), 10 survivors (10240K)
 Metaspace       used 182962K, committed 185728K, reserved 1245184K
  class space    used 23399K, committed 24768K, reserved 1048576K
}
Event: 17.513 GC heap after
{Heap after GC invocations=62 (full 0):
 garbage-first heap   total 382976K, used 237082K [0x0000000080000000, 0x0000000100000000)
  region size 1024K, 11 young (11264K), 11 survivors (11264K)
 Metaspace       used 182962K, committed 185728K, reserved 1245184K
  class space    used 23399K, committed 24768K, reserved 1048576K
}
Event: 18.097 GC heap before
{Heap before GC invocations=62 (full 0):
 garbage-first heap   total 382976K, used 349722K [0x0000000080000000, 0x0000000100000000)
  region size 1024K, 122 young (124928K), 11 survivors (11264K)
 Metaspace       used 188344K, committed 191040K, reserved 1245184K
  class space    used 24040K, committed 25408K, reserved 1048576K
}
Event: 18.105 GC heap after
{Heap after GC invocations=63 (full 0):
 garbage-first heap   total 382976K, used 239836K [0x0000000080000000, 0x0000000100000000)
  region size 1024K, 13 young (13312K), 13 survivors (13312K)
 Metaspace       used 188344K, committed 191040K, reserved 1245184K
  class space    used 24040K, committed 25408K, reserved 1048576K
}
Event: 18.872 GC heap before
{Heap before GC invocations=63 (full 0):
 garbage-first heap   total 382976K, used 347356K [0x0000000080000000, 0x0000000100000000)
  region size 1024K, 119 young (121856K), 13 survivors (13312K)
 Metaspace       used 194525K, committed 197312K, reserved 1245184K
  class space    used 24762K, committed 26176K, reserved 1048576K
}
Event: 18.885 GC heap after
{Heap after GC invocations=64 (full 0):
 garbage-first heap   total 382976K, used 250189K [0x0000000080000000, 0x0000000100000000)
  region size 1024K, 13 young (13312K), 13 survivors (13312K)
 Metaspace       used 194525K, committed 197312K, reserved 1245184K
  class space    used 24762K, committed 26176K, reserved 1048576K
}
Event: 27.506 GC heap before
{Heap before GC invocations=65 (full 0):
 garbage-first heap   total 419840K, used 345421K [0x0000000080000000, 0x0000000100000000)
  region size 1024K, 107 young (109568K), 13 survivors (13312K)
 Metaspace       used 200243K, committed 203072K, reserved 1245184K
  class space    used 25276K, committed 26688K, reserved 1048576K
}
Event: 27.512 GC heap after
{Heap after GC invocations=66 (full 0):
 garbage-first heap   total 419840K, used 253937K [0x0000000080000000, 0x0000000100000000)
  region size 1024K, 5 young (5120K), 5 survivors (5120K)
 Metaspace       used 200243K, committed 203072K, reserved 1245184K
  class space    used 25276K, committed 26688K, reserved 1048576K
}
Event: 28.461 GC heap before
{Heap before GC invocations=66 (full 0):
 garbage-first heap   total 419840K, used 388081K [0x0000000080000000, 0x0000000100000000)
  region size 1024K, 137 young (140288K), 5 survivors (5120K)
 Metaspace       used 205094K, committed 208000K, reserved 1245184K
  class space    used 25899K, committed 27392K, reserved 1048576K
}
Event: 28.472 GC heap after
{Heap after GC invocations=67 (full 0):
 garbage-first heap   total 419840K, used 264994K [0x0000000080000000, 0x0000000100000000)
  region size 1024K, 18 young (18432K), 18 survivors (18432K)
 Metaspace       used 205094K, committed 208000K, reserved 1245184K
  class space    used 25899K, committed 27392K, reserved 1048576K
}
Event: 28.814 GC heap before
{Heap before GC invocations=67 (full 0):
 garbage-first heap   total 419840K, used 294690K [0x0000000080000000, 0x0000000100000000)
  region size 1024K, 49 young (50176K), 18 survivors (18432K)
 Metaspace       used 205871K, committed 208704K, reserved 1245184K
  class space    used 25966K, committed 27392K, reserved 1048576K
}
Event: 28.823 GC heap after
{Heap after GC invocations=68 (full 0):
 garbage-first heap   total 419840K, used 274471K [0x0000000080000000, 0x0000000100000000)
  region size 1024K, 10 young (10240K), 10 survivors (10240K)
 Metaspace       used 205871K, committed 208704K, reserved 1245184K
  class space    used 25966K, committed 27392K, reserved 1048576K
}

