# JRE version: OpenJDK Runtime Environment (21.0.4) (build 21.0.4+-12508038-b607.1)
# Java VM: OpenJDK 64-Bit Server VM (21.0.4+-12508038-b607.1, mixed mode, tiered, compressed oops, compressed class ptrs, g1 gc, windows-amd64)
GC Precious Log:
 CardTable entry size: 512
 Card Set container configuration: InlinePtr #cards 5 size 8 Array Of Cards #cards 12 size 40 Howl #buckets 4 coarsen threshold 1843 Howl Bitmap #cards 512 size 80 coarsen threshold 460 Card regions per heap region 1 cards per card region 2048
 CPUs: 12 total, 12 available
 Memory: 15773M
 Large Page Support: Disabled
 NUMA Support: Disabled
 Compressed Oops: Enabled (32-bit)
 Heap Region Size: 1M
 Heap Min Capacity: 8M
 Heap Initial Capacity: 248M
 Heap Max Capacity: 2G
 Pre-touch: Disabled
 Parallel Workers: 10
 Concurrent Workers: 3
 Concurrent Refinement Workers: 10
 Periodic GC: Disabled
Heap:
 garbage-first heap   total 144384K, used 90970K [0x0000000080000000, 0x0000000100000000)
  region size 1024K, 9 young (9216K), 6 survivors (6144K)
 Metaspace       used 89127K, committed 91008K, reserved 1179648K
  class space    used 11900K, committed 12864K, reserved 1048576K
GC Heap History (20 events):
Event: 11.824 GC heap before
{Heap before GC invocations=14 (full 0):
 garbage-first heap   total 108544K, used 94673K [0x0000000080000000, 0x0000000100000000)
  region size 1024K, 62 young (63488K), 6 survivors (6144K)
 Metaspace       used 65245K, committed 66944K, reserved 1114112K
  class space    used 8934K, committed 9792K, reserved 1048576K
}
Event: 11.835 GC heap after
{Heap after GC invocations=15 (full 0):
 garbage-first heap   total 108544K, used 42537K [0x0000000080000000, 0x0000000100000000)
  region size 1024K, 8 young (8192K), 8 survivors (8192K)
 Metaspace       used 65245K, committed 66944K, reserved 1114112K
  class space    used 8934K, committed 9792K, reserved 1048576K
}
Event: 12.390 GC heap before
{Heap before GC invocations=15 (full 0):
 garbage-first heap   total 108544K, used 92713K [0x0000000080000000, 0x0000000100000000)
  region size 1024K, 58 young (59392K), 8 survivors (8192K)
 Metaspace       used 66271K, committed 67968K, reserved 1114112K
  class space    used 9058K, committed 9920K, reserved 1048576K
}
Event: 12.398 GC heap after
{Heap after GC invocations=16 (full 0):
 garbage-first heap   total 108544K, used 46797K [0x0000000080000000, 0x0000000100000000)
  region size 1024K, 5 young (5120K), 5 survivors (5120K)
 Metaspace       used 66271K, committed 67968K, reserved 1114112K
  class space    used 9058K, committed 9920K, reserved 1048576K
}
Event: 12.606 GC heap before
{Heap before GC invocations=16 (full 0):
 garbage-first heap   total 108544K, used 94925K [0x0000000080000000, 0x0000000100000000)
  region size 1024K, 53 young (54272K), 5 survivors (5120K)
 Metaspace       used 66521K, committed 68224K, reserved 1114112K
  class space    used 9060K, committed 9920K, reserved 1048576K
}
Event: 12.610 GC heap after
{Heap after GC invocations=17 (full 0):
 garbage-first heap   total 108544K, used 48282K [0x0000000080000000, 0x0000000100000000)
  region size 1024K, 4 young (4096K), 4 survivors (4096K)
 Metaspace       used 66521K, committed 68224K, reserved 1114112K
  class space    used 9060K, committed 9920K, reserved 1048576K
}
Event: 12.781 GC heap before
{Heap before GC invocations=17 (full 0):
 garbage-first heap   total 108544K, used 95386K [0x0000000080000000, 0x0000000100000000)
  region size 1024K, 51 young (52224K), 4 survivors (4096K)
 Metaspace       used 66627K, committed 68288K, reserved 1114112K
  class space    used 9060K, committed 9920K, reserved 1048576K
}
Event: 12.784 GC heap after
{Heap after GC invocations=18 (full 0):
 garbage-first heap   total 108544K, used 48977K [0x0000000080000000, 0x0000000100000000)
  region size 1024K, 5 young (5120K), 5 survivors (5120K)
 Metaspace       used 66627K, committed 68288K, reserved 1114112K
  class space    used 9060K, committed 9920K, reserved 1048576K
}
Event: 13.303 GC heap before
{Heap before GC invocations=19 (full 0):
 garbage-first heap   total 108544K, used 102225K [0x0000000080000000, 0x0000000100000000)
  region size 1024K, 51 young (52224K), 5 survivors (5120K)
 Metaspace       used 67296K, committed 68992K, reserved 1114112K
  class space    used 9170K, committed 10048K, reserved 1048576K
}
Event: 13.313 GC heap after
{Heap after GC invocations=20 (full 0):
 garbage-first heap   total 113664K, used 60509K [0x0000000080000000, 0x0000000100000000)
  region size 1024K, 7 young (7168K), 7 survivors (7168K)
 Metaspace       used 67296K, committed 68992K, reserved 1114112K
  class space    used 9170K, committed 10048K, reserved 1048576K
}
Event: 14.077 GC heap before
{Heap before GC invocations=20 (full 0):
 garbage-first heap   total 113664K, used 105565K [0x0000000080000000, 0x0000000100000000)
  region size 1024K, 44 young (45056K), 7 survivors (7168K)
 Metaspace       used 70048K, committed 71744K, reserved 1114112K
  class space    used 9518K, committed 10368K, reserved 1048576K
}
Event: 14.085 GC heap after
{Heap after GC invocations=21 (full 0):
 garbage-first heap   total 144384K, used 71908K [0x0000000080000000, 0x0000000100000000)
  region size 1024K, 5 young (5120K), 5 survivors (5120K)
 Metaspace       used 70048K, committed 71744K, reserved 1114112K
  class space    used 9518K, committed 10368K, reserved 1048576K
}
Event: 15.045 GC heap before
{Heap before GC invocations=21 (full 0):
 garbage-first heap   total 144384K, used 126180K [0x0000000080000000, 0x0000000100000000)
  region size 1024K, 59 young (60416K), 5 survivors (5120K)
 Metaspace       used 76055K, committed 77824K, reserved 1179648K
  class space    used 10158K, committed 11072K, reserved 1048576K
}
Event: 15.052 GC heap after
{Heap after GC invocations=22 (full 0):
 garbage-first heap   total 144384K, used 73351K [0x0000000080000000, 0x0000000100000000)
  region size 1024K, 2 young (2048K), 2 survivors (2048K)
 Metaspace       used 76055K, committed 77824K, reserved 1179648K
  class space    used 10158K, committed 11072K, reserved 1048576K
}
Event: 16.049 GC heap before
{Heap before GC invocations=23 (full 0):
 garbage-first heap   total 144384K, used 133767K [0x0000000080000000, 0x0000000100000000)
  region size 1024K, 57 young (58368K), 2 survivors (2048K)
 Metaspace       used 80816K, committed 82688K, reserved 1179648K
  class space    used 10833K, committed 11776K, reserved 1048576K
}
Event: 16.056 GC heap after
{Heap after GC invocations=24 (full 0):
 garbage-first heap   total 144384K, used 79936K [0x0000000080000000, 0x0000000100000000)
  region size 1024K, 8 young (8192K), 8 survivors (8192K)
 Metaspace       used 80816K, committed 82688K, reserved 1179648K
  class space    used 10833K, committed 11776K, reserved 1048576K
}
Event: 16.913 GC heap before
{Heap before GC invocations=24 (full 0):
 garbage-first heap   total 144384K, used 131136K [0x0000000080000000, 0x0000000100000000)
  region size 1024K, 54 young (55296K), 8 survivors (8192K)
 Metaspace       used 85299K, committed 87168K, reserved 1179648K
  class space    used 11413K, committed 12352K, reserved 1048576K
}
Event: 16.926 GC heap after
{Heap after GC invocations=25 (full 0):
 garbage-first heap   total 144384K, used 86451K [0x0000000080000000, 0x0000000100000000)
  region size 1024K, 3 young (3072K), 3 survivors (3072K)
 Metaspace       used 85299K, committed 87168K, reserved 1179648K
  class space    used 11413K, committed 12352K, reserved 1048576K
}
Event: 17.687 GC heap before
{Heap before GC invocations=25 (full 0):
 garbage-first heap   total 144384K, used 131507K [0x0000000080000000, 0x0000000100000000)
  region size 1024K, 47 young (48128K), 3 survivors (3072K)
 Metaspace       used 89014K, committed 90944K, reserved 1179648K
  class space    used 11884K, committed 12864K, reserved 1048576K
}
Event: 17.692 GC heap after
{Heap after GC invocations=26 (full 0):
 garbage-first heap   total 144384K, used 88922K [0x0000000080000000, 0x0000000100000000)
  region size 1024K, 6 young (6144K), 6 survivors (6144K)
 Metaspace       used 89014K, committed 90944K, reserved 1179648K
  class space    used 11884K, committed 12864K, reserved 1048576K
}

