# JRE version: OpenJDK Runtime Environment (21.0.4) (build 21.0.4+-12508038-b607.1)
# Java VM: OpenJDK 64-Bit Server VM (21.0.4+-12508038-b607.1, mixed mode, tiered, compressed oops, compressed class ptrs, g1 gc, windows-amd64)
GC Precious Log:
 CardTable entry size: 512
 Card Set container configuration: InlinePtr #cards 5 size 8 Array Of Cards #cards 12 size 40 Howl #buckets 4 coarsen threshold 1843 Howl Bitmap #cards 512 size 80 coarsen threshold 460 Card regions per heap region 1 cards per card region 2048
 CPUs: 12 total, 12 available
 Memory: 15773M
 Large Page Support: Disabled
 NUMA Support: Disabled
 Compressed Oops: Enabled (32-bit)
 Heap Region Size: 1M
 Heap Min Capacity: 8M
 Heap Initial Capacity: 248M
 Heap Max Capacity: 2G
 Pre-touch: Disabled
 Parallel Workers: 10
 Concurrent Workers: 3
 Concurrent Refinement Workers: 10
 Periodic GC: Disabled
Heap:
 garbage-first heap   total 113664K, used 75611K [0x0000000080000000, 0x0000000100000000)
  region size 1024K, 1 young (1024K), 1 survivors (1024K)
 Metaspace       used 78658K, committed 80384K, reserved 1179648K
  class space    used 10550K, committed 11392K, reserved 1048576K
GC Heap History (20 events):
Event: 4.075 GC heap after
{Heap after GC invocations=13 (full 0):
 garbage-first heap   total 106496K, used 37344K [0x0000000080000000, 0x0000000100000000)
  region size 1024K, 5 young (5120K), 5 survivors (5120K)
 Metaspace       used 56451K, committed 57920K, reserved 1114112K
  class space    used 7594K, committed 8320K, reserved 1048576K
}
Event: 4.227 GC heap before
{Heap before GC invocations=13 (full 0):
 garbage-first heap   total 106496K, used 52704K [0x0000000080000000, 0x0000000100000000)
  region size 1024K, 21 young (21504K), 5 survivors (5120K)
 Metaspace       used 58770K, committed 60288K, reserved 1114112K
  class space    used 7943K, committed 8704K, reserved 1048576K
}
Event: 4.230 GC heap after
{Heap after GC invocations=14 (full 0):
 garbage-first heap   total 106496K, used 37986K [0x0000000080000000, 0x0000000100000000)
  region size 1024K, 3 young (3072K), 3 survivors (3072K)
 Metaspace       used 58770K, committed 60288K, reserved 1114112K
  class space    used 7943K, committed 8704K, reserved 1048576K
}
Event: 4.887 GC heap before
{Heap before GC invocations=15 (full 0):
 garbage-first heap   total 106496K, used 95330K [0x0000000080000000, 0x0000000100000000)
  region size 1024K, 60 young (61440K), 3 survivors (3072K)
 Metaspace       used 67890K, committed 69568K, reserved 1114112K
  class space    used 9256K, committed 10112K, reserved 1048576K
}
Event: 4.891 GC heap after
{Heap after GC invocations=16 (full 0):
 garbage-first heap   total 106496K, used 43127K [0x0000000080000000, 0x0000000100000000)
  region size 1024K, 8 young (8192K), 8 survivors (8192K)
 Metaspace       used 67890K, committed 69568K, reserved 1114112K
  class space    used 9256K, committed 10112K, reserved 1048576K
}
Event: 5.729 GC heap before
{Heap before GC invocations=16 (full 0):
 garbage-first heap   total 106496K, used 91255K [0x0000000080000000, 0x0000000100000000)
  region size 1024K, 55 young (56320K), 8 survivors (8192K)
 Metaspace       used 72464K, committed 74112K, reserved 1114112K
  class space    used 9858K, committed 10688K, reserved 1048576K
}
Event: 5.736 GC heap after
{Heap after GC invocations=17 (full 0):
 garbage-first heap   total 106496K, used 48996K [0x0000000080000000, 0x0000000100000000)
  region size 1024K, 7 young (7168K), 7 survivors (7168K)
 Metaspace       used 72464K, committed 74112K, reserved 1114112K
  class space    used 9858K, committed 10688K, reserved 1048576K
}
Event: 5.891 GC heap before
{Heap before GC invocations=17 (full 0):
 garbage-first heap   total 106496K, used 92004K [0x0000000080000000, 0x0000000100000000)
  region size 1024K, 50 young (51200K), 7 survivors (7168K)
 Metaspace       used 72880K, committed 74496K, reserved 1114112K
  class space    used 9889K, committed 10688K, reserved 1048576K
}
Event: 5.894 GC heap after
{Heap after GC invocations=18 (full 0):
 garbage-first heap   total 106496K, used 51038K [0x0000000080000000, 0x0000000100000000)
  region size 1024K, 4 young (4096K), 4 survivors (4096K)
 Metaspace       used 72880K, committed 74496K, reserved 1114112K
  class space    used 9889K, committed 10688K, reserved 1048576K
}
Event: 5.984 GC heap before
{Heap before GC invocations=18 (full 0):
 garbage-first heap   total 106496K, used 93022K [0x0000000080000000, 0x0000000100000000)
  region size 1024K, 46 young (47104K), 4 survivors (4096K)
 Metaspace       used 73095K, committed 74752K, reserved 1114112K
  class space    used 9889K, committed 10688K, reserved 1048576K
}
Event: 5.987 GC heap after
{Heap after GC invocations=19 (full 0):
 garbage-first heap   total 106496K, used 51958K [0x0000000080000000, 0x0000000100000000)
  region size 1024K, 4 young (4096K), 4 survivors (4096K)
 Metaspace       used 73095K, committed 74752K, reserved 1114112K
  class space    used 9889K, committed 10688K, reserved 1048576K
}
Event: 6.084 GC heap before
{Heap before GC invocations=20 (full 0):
 garbage-first heap   total 106496K, used 92918K [0x0000000080000000, 0x0000000100000000)
  region size 1024K, 45 young (46080K), 4 survivors (4096K)
 Metaspace       used 73149K, committed 74752K, reserved 1114112K
  class space    used 9889K, committed 10688K, reserved 1048576K
}
Event: 6.086 GC heap after
{Heap after GC invocations=21 (full 0):
 garbage-first heap   total 106496K, used 52654K [0x0000000080000000, 0x0000000100000000)
  region size 1024K, 4 young (4096K), 4 survivors (4096K)
 Metaspace       used 73149K, committed 74752K, reserved 1114112K
  class space    used 9889K, committed 10688K, reserved 1048576K
}
Event: 7.273 GC heap before
{Heap before GC invocations=21 (full 0):
 garbage-first heap   total 106496K, used 98734K [0x0000000080000000, 0x0000000100000000)
  region size 1024K, 44 young (45056K), 4 survivors (4096K)
 Metaspace       used 73527K, committed 75264K, reserved 1114112K
  class space    used 9942K, committed 10816K, reserved 1048576K
}
Event: 7.276 GC heap after
{Heap after GC invocations=22 (full 0):
 garbage-first heap   total 108544K, used 61210K [0x0000000080000000, 0x0000000100000000)
  region size 1024K, 6 young (6144K), 6 survivors (6144K)
 Metaspace       used 73527K, committed 75264K, reserved 1114112K
  class space    used 9942K, committed 10816K, reserved 1048576K
}
Event: 7.298 GC heap before
{Heap before GC invocations=22 (full 0):
 garbage-first heap   total 108544K, used 63258K [0x0000000080000000, 0x0000000100000000)
  region size 1024K, 9 young (9216K), 6 survivors (6144K)
 Metaspace       used 73815K, committed 75520K, reserved 1114112K
  class space    used 9996K, committed 10816K, reserved 1048576K
}
Event: 7.300 GC heap after
{Heap after GC invocations=23 (full 0):
 garbage-first heap   total 108544K, used 61759K [0x0000000080000000, 0x0000000100000000)
  region size 1024K, 1 young (1024K), 1 survivors (1024K)
 Metaspace       used 73815K, committed 75520K, reserved 1114112K
  class space    used 9996K, committed 10816K, reserved 1048576K
}
Event: 7.671 GC heap before
{Heap before GC invocations=24 (full 0):
 garbage-first heap   total 108544K, used 105791K [0x0000000080000000, 0x0000000100000000)
  region size 1024K, 36 young (36864K), 1 survivors (1024K)
 Metaspace       used 76138K, committed 77824K, reserved 1179648K
  class space    used 10275K, committed 11136K, reserved 1048576K
}
Event: 8.678 GC heap after
{Heap after GC invocations=25 (full 0):
 garbage-first heap   total 113664K, used 75666K [0x0000000080000000, 0x0000000100000000)
  region size 1024K, 5 young (5120K), 5 survivors (5120K)
 Metaspace       used 76138K, committed 77824K, reserved 1179648K
  class space    used 10275K, committed 11136K, reserved 1048576K
}
Event: 8.917 GC heap before
{Heap before GC invocations=25 (full 0):
 garbage-first heap   total 113664K, used 100242K [0x0000000080000000, 0x0000000100000000)
  region size 1024K, 30 young (30720K), 5 survivors (5120K)
 Metaspace       used 78658K, committed 80384K, reserved 1179648K
  class space    used 10550K, committed 11392K, reserved 1048576K
}

