# JRE version: OpenJDK Runtime Environment (21.0.4) (build 21.0.4+-12508038-b607.1)
# Java VM: OpenJDK 64-Bit Server VM (21.0.4+-12508038-b607.1, mixed mode, tiered, compressed oops, compressed class ptrs, g1 gc, windows-amd64)
GC Precious Log:
 CardTable entry size: 512
 Card Set container configuration: InlinePtr #cards 5 size 8 Array Of Cards #cards 12 size 40 Howl #buckets 4 coarsen threshold 1843 Howl Bitmap #cards 512 size 80 coarsen threshold 460 Card regions per heap region 1 cards per card region 2048
 CPUs: 12 total, 12 available
 Memory: 15773M
 Large Page Support: Disabled
 NUMA Support: Disabled
 Compressed Oops: Enabled (32-bit)
 Heap Region Size: 1M
 Heap Min Capacity: 8M
 Heap Initial Capacity: 248M
 Heap Max Capacity: 2G
 Pre-touch: Disabled
 Parallel Workers: 10
 Concurrent Workers: 3
 Concurrent Refinement Workers: 10
 Periodic GC: Disabled
Heap:
 garbage-first heap   total 201728K, used 180958K [0x0000000080000000, 0x0000000100000000)
  region size 1024K, 70 young (71680K), 6 survivors (6144K)
 Metaspace       used 114790K, committed 116992K, reserved 1179648K
  class space    used 15514K, committed 16640K, reserved 1048576K
GC Heap History (20 events):
Event: 7.563 GC heap before
{Heap before GC invocations=28 (full 0):
 garbage-first heap   total 145408K, used 130178K [0x0000000080000000, 0x0000000100000000)
  region size 1024K, 46 young (47104K), 6 survivors (6144K)
 Metaspace       used 90111K, committed 91968K, reserved 1179648K
  class space    used 12008K, committed 12928K, reserved 1048576K
}
Event: 7.567 GC heap after
{Heap after GC invocations=29 (full 0):
 garbage-first heap   total 145408K, used 92498K [0x0000000080000000, 0x0000000100000000)
  region size 1024K, 4 young (4096K), 4 survivors (4096K)
 Metaspace       used 90111K, committed 91968K, reserved 1179648K
  class space    used 12008K, committed 12928K, reserved 1048576K
}
Event: 7.804 GC heap before
{Heap before GC invocations=29 (full 0):
 garbage-first heap   total 145408K, used 125266K [0x0000000080000000, 0x0000000100000000)
  region size 1024K, 37 young (37888K), 4 survivors (4096K)
 Metaspace       used 92757K, committed 94720K, reserved 1179648K
  class space    used 12364K, committed 13312K, reserved 1048576K
}
Event: 7.807 GC heap after
{Heap after GC invocations=30 (full 0):
 garbage-first heap   total 145408K, used 94875K [0x0000000080000000, 0x0000000100000000)
  region size 1024K, 3 young (3072K), 3 survivors (3072K)
 Metaspace       used 92757K, committed 94720K, reserved 1179648K
  class space    used 12364K, committed 13312K, reserved 1048576K
}
Event: 8.130 GC heap before
{Heap before GC invocations=31 (full 0):
 garbage-first heap   total 162816K, used 132763K [0x0000000080000000, 0x0000000100000000)
  region size 1024K, 39 young (39936K), 3 survivors (3072K)
 Metaspace       used 95717K, committed 97664K, reserved 1179648K
  class space    used 12895K, committed 13888K, reserved 1048576K
}
Event: 8.132 GC heap after
{Heap after GC invocations=32 (full 0):
 garbage-first heap   total 162816K, used 95244K [0x0000000080000000, 0x0000000100000000)
  region size 1024K, 3 young (3072K), 3 survivors (3072K)
 Metaspace       used 95717K, committed 97664K, reserved 1179648K
  class space    used 12895K, committed 13888K, reserved 1048576K
}
Event: 8.550 GC heap before
{Heap before GC invocations=32 (full 0):
 garbage-first heap   total 162816K, used 149516K [0x0000000080000000, 0x0000000100000000)
  region size 1024K, 56 young (57344K), 3 survivors (3072K)
 Metaspace       used 99634K, committed 101696K, reserved 1179648K
  class space    used 13488K, committed 14528K, reserved 1048576K
}
Event: 8.554 GC heap after
{Heap after GC invocations=33 (full 0):
 garbage-first heap   total 162816K, used 96780K [0x0000000080000000, 0x0000000100000000)
  region size 1024K, 6 young (6144K), 6 survivors (6144K)
 Metaspace       used 99634K, committed 101696K, reserved 1179648K
  class space    used 13488K, committed 14528K, reserved 1048576K
}
Event: 8.937 GC heap before
{Heap before GC invocations=33 (full 0):
 garbage-first heap   total 162816K, used 145932K [0x0000000080000000, 0x0000000100000000)
  region size 1024K, 54 young (55296K), 6 survivors (6144K)
 Metaspace       used 103354K, committed 105472K, reserved 1179648K
  class space    used 14015K, committed 15104K, reserved 1048576K
}
Event: 8.941 GC heap after
{Heap after GC invocations=34 (full 0):
 garbage-first heap   total 162816K, used 100306K [0x0000000080000000, 0x0000000100000000)
  region size 1024K, 7 young (7168K), 7 survivors (7168K)
 Metaspace       used 103354K, committed 105472K, reserved 1179648K
  class space    used 14015K, committed 15104K, reserved 1048576K
}
Event: 9.306 GC heap before
{Heap before GC invocations=35 (full 0):
 garbage-first heap   total 167936K, used 146386K [0x0000000080000000, 0x0000000100000000)
  region size 1024K, 52 young (53248K), 7 survivors (7168K)
 Metaspace       used 107652K, committed 109760K, reserved 1179648K
  class space    used 14643K, committed 15744K, reserved 1048576K
}
Event: 9.310 GC heap after
{Heap after GC invocations=36 (full 0):
 garbage-first heap   total 167936K, used 102622K [0x0000000080000000, 0x0000000100000000)
  region size 1024K, 6 young (6144K), 6 survivors (6144K)
 Metaspace       used 107652K, committed 109760K, reserved 1179648K
  class space    used 14643K, committed 15744K, reserved 1048576K
}
Event: 9.648 GC heap before
{Heap before GC invocations=36 (full 0):
 garbage-first heap   total 167936K, used 150750K [0x0000000080000000, 0x0000000100000000)
  region size 1024K, 54 young (55296K), 6 survivors (6144K)
 Metaspace       used 110400K, committed 112512K, reserved 1179648K
  class space    used 14948K, committed 16000K, reserved 1048576K
}
Event: 9.655 GC heap after
{Heap after GC invocations=37 (full 0):
 garbage-first heap   total 167936K, used 107846K [0x0000000080000000, 0x0000000100000000)
  region size 1024K, 7 young (7168K), 7 survivors (7168K)
 Metaspace       used 110400K, committed 112512K, reserved 1179648K
  class space    used 14948K, committed 16000K, reserved 1048576K
}
Event: 9.656 GC heap before
{Heap before GC invocations=37 (full 0):
 garbage-first heap   total 167936K, used 107846K [0x0000000080000000, 0x0000000100000000)
  region size 1024K, 9 young (9216K), 7 survivors (7168K)
 Metaspace       used 110400K, committed 112512K, reserved 1179648K
  class space    used 14948K, committed 16000K, reserved 1048576K
}
Event: 9.660 GC heap after
{Heap after GC invocations=38 (full 0):
 garbage-first heap   total 201728K, used 109244K [0x0000000080000000, 0x0000000100000000)
  region size 1024K, 1 young (1024K), 1 survivors (1024K)
 Metaspace       used 110400K, committed 112512K, reserved 1179648K
  class space    used 14948K, committed 16000K, reserved 1048576K
}
Event: 10.038 GC heap before
{Heap before GC invocations=39 (full 0):
 garbage-first heap   total 201728K, used 191164K [0x0000000080000000, 0x0000000100000000)
  region size 1024K, 76 young (77824K), 1 survivors (1024K)
 Metaspace       used 113608K, committed 115712K, reserved 1179648K
  class space    used 15320K, committed 16384K, reserved 1048576K
}
Event: 10.041 GC heap after
{Heap after GC invocations=40 (full 0):
 garbage-first heap   total 201728K, used 114680K [0x0000000080000000, 0x0000000100000000)
  region size 1024K, 7 young (7168K), 7 survivors (7168K)
 Metaspace       used 113608K, committed 115712K, reserved 1179648K
  class space    used 15320K, committed 16384K, reserved 1048576K
}
Event: 10.264 GC heap before
{Heap before GC invocations=40 (full 0):
 garbage-first heap   total 201728K, used 181240K [0x0000000080000000, 0x0000000100000000)
  region size 1024K, 73 young (74752K), 7 survivors (7168K)
 Metaspace       used 114144K, committed 116288K, reserved 1179648K
  class space    used 15402K, committed 16512K, reserved 1048576K
}
Event: 10.268 GC heap after
{Heap after GC invocations=41 (full 0):
 garbage-first heap   total 201728K, used 117470K [0x0000000080000000, 0x0000000100000000)
  region size 1024K, 6 young (6144K), 6 survivors (6144K)
 Metaspace       used 114144K, committed 116288K, reserved 1179648K
  class space    used 15402K, committed 16512K, reserved 1048576K
}

