# JRE version: OpenJDK Runtime Environment (21.0.4) (build 21.0.4+-12508038-b607.1)
# Java VM: OpenJDK 64-Bit Server VM (21.0.4+-12508038-b607.1, mixed mode, tiered, compressed oops, compressed class ptrs, g1 gc, windows-amd64)
GC Precious Log:
 CardTable entry size: 512
 Card Set container configuration: InlinePtr #cards 5 size 8 Array Of Cards #cards 12 size 40 Howl #buckets 4 coarsen threshold 1843 Howl Bitmap #cards 512 size 80 coarsen threshold 460 Card regions per heap region 1 cards per card region 2048
 CPUs: 12 total, 12 available
 Memory: 15773M
 Large Page Support: Disabled
 NUMA Support: Disabled
 Compressed Oops: Enabled (32-bit)
 Heap Region Size: 1M
 Heap Min Capacity: 8M
 Heap Initial Capacity: 248M
 Heap Max Capacity: 2G
 Pre-touch: Disabled
 Parallel Workers: 10
 Concurrent Workers: 3
 Concurrent Refinement Workers: 10
 Periodic GC: Disabled
Heap:
 garbage-first heap   total 233472K, used 155665K [0x0000000080000000, 0x0000000100000000)
  region size 1024K, 43 young (44032K), 11 survivors (11264K)
 Metaspace       used 119030K, committed 121280K, reserved 1179648K
  class space    used 16062K, committed 17216K, reserved 1048576K
GC Heap History (20 events):
Event: 7.779 GC heap before
{Heap before GC invocations=29 (full 0):
 garbage-first heap   total 147456K, used 132071K [0x0000000080000000, 0x0000000100000000)
  region size 1024K, 44 young (45056K), 6 survivors (6144K)
 Metaspace       used 92884K, committed 94848K, reserved 1179648K
  class space    used 12391K, committed 13376K, reserved 1048576K
}
Event: 7.782 GC heap after
{Heap after GC invocations=30 (full 0):
 garbage-first heap   total 147456K, used 96872K [0x0000000080000000, 0x0000000100000000)
  region size 1024K, 3 young (3072K), 3 survivors (3072K)
 Metaspace       used 92884K, committed 94848K, reserved 1179648K
  class space    used 12391K, committed 13376K, reserved 1048576K
}
Event: 8.105 GC heap before
{Heap before GC invocations=31 (full 0):
 garbage-first heap   total 165888K, used 134760K [0x0000000080000000, 0x0000000100000000)
  region size 1024K, 39 young (39936K), 3 survivors (3072K)
 Metaspace       used 95844K, committed 97856K, reserved 1179648K
  class space    used 12921K, committed 13952K, reserved 1048576K
}
Event: 8.107 GC heap after
{Heap after GC invocations=32 (full 0):
 garbage-first heap   total 165888K, used 97041K [0x0000000080000000, 0x0000000100000000)
  region size 1024K, 3 young (3072K), 3 survivors (3072K)
 Metaspace       used 95844K, committed 97856K, reserved 1179648K
  class space    used 12921K, committed 13952K, reserved 1048576K
}
Event: 8.540 GC heap before
{Heap before GC invocations=32 (full 0):
 garbage-first heap   total 165888K, used 151313K [0x0000000080000000, 0x0000000100000000)
  region size 1024K, 56 young (57344K), 3 survivors (3072K)
 Metaspace       used 99753K, committed 101824K, reserved 1179648K
  class space    used 13513K, committed 14592K, reserved 1048576K
}
Event: 8.543 GC heap after
{Heap after GC invocations=33 (full 0):
 garbage-first heap   total 165888K, used 98411K [0x0000000080000000, 0x0000000100000000)
  region size 1024K, 6 young (6144K), 6 survivors (6144K)
 Metaspace       used 99753K, committed 101824K, reserved 1179648K
  class space    used 13513K, committed 14592K, reserved 1048576K
}
Event: 8.915 GC heap before
{Heap before GC invocations=33 (full 0):
 garbage-first heap   total 165888K, used 149611K [0x0000000080000000, 0x0000000100000000)
  region size 1024K, 56 young (57344K), 6 survivors (6144K)
 Metaspace       used 103621K, committed 105664K, reserved 1179648K
  class space    used 14073K, committed 15104K, reserved 1048576K
}
Event: 8.919 GC heap after
{Heap after GC invocations=34 (full 0):
 garbage-first heap   total 165888K, used 102041K [0x0000000080000000, 0x0000000100000000)
  region size 1024K, 7 young (7168K), 7 survivors (7168K)
 Metaspace       used 103621K, committed 105664K, reserved 1179648K
  class space    used 14073K, committed 15104K, reserved 1048576K
}
Event: 9.308 GC heap before
{Heap before GC invocations=35 (full 0):
 garbage-first heap   total 171008K, used 149145K [0x0000000080000000, 0x0000000100000000)
  region size 1024K, 53 young (54272K), 7 survivors (7168K)
 Metaspace       used 107821K, committed 109952K, reserved 1179648K
  class space    used 14678K, committed 15744K, reserved 1048576K
}
Event: 9.313 GC heap after
{Heap after GC invocations=36 (full 0):
 garbage-first heap   total 171008K, used 104439K [0x0000000080000000, 0x0000000100000000)
  region size 1024K, 6 young (6144K), 6 survivors (6144K)
 Metaspace       used 107821K, committed 109952K, reserved 1179648K
  class space    used 14678K, committed 15744K, reserved 1048576K
}
Event: 9.699 GC heap before
{Heap before GC invocations=36 (full 0):
 garbage-first heap   total 171008K, used 159735K [0x0000000080000000, 0x0000000100000000)
  region size 1024K, 56 young (57344K), 6 survivors (6144K)
 Metaspace       used 111512K, committed 113600K, reserved 1179648K
  class space    used 15006K, committed 16064K, reserved 1048576K
}
Event: 9.705 GC heap after
{Heap after GC invocations=37 (full 0):
 garbage-first heap   total 176128K, used 109952K [0x0000000080000000, 0x0000000100000000)
  region size 1024K, 7 young (7168K), 7 survivors (7168K)
 Metaspace       used 111512K, committed 113600K, reserved 1179648K
  class space    used 15006K, committed 16064K, reserved 1048576K
}
Event: 9.992 GC heap before
{Heap before GC invocations=37 (full 0):
 garbage-first heap   total 176128K, used 158080K [0x0000000080000000, 0x0000000100000000)
  region size 1024K, 54 young (55296K), 7 survivors (7168K)
 Metaspace       used 113724K, committed 115904K, reserved 1179648K
  class space    used 15351K, committed 16448K, reserved 1048576K
}
Event: 9.998 GC heap after
{Heap after GC invocations=38 (full 0):
 garbage-first heap   total 176128K, used 116409K [0x0000000080000000, 0x0000000100000000)
  region size 1024K, 6 young (6144K), 6 survivors (6144K)
 Metaspace       used 113724K, committed 115904K, reserved 1179648K
  class space    used 15351K, committed 16448K, reserved 1048576K
}
Event: 10.160 GC heap before
{Heap before GC invocations=39 (full 0):
 garbage-first heap   total 194560K, used 158393K [0x0000000080000000, 0x0000000100000000)
  region size 1024K, 48 young (49152K), 6 survivors (6144K)
 Metaspace       used 114029K, committed 116096K, reserved 1179648K
  class space    used 15407K, committed 16448K, reserved 1048576K
}
Event: 10.163 GC heap after
{Heap after GC invocations=40 (full 0):
 garbage-first heap   total 233472K, used 118718K [0x0000000080000000, 0x0000000100000000)
  region size 1024K, 5 young (5120K), 5 survivors (5120K)
 Metaspace       used 114029K, committed 116096K, reserved 1179648K
  class space    used 15407K, committed 16448K, reserved 1048576K
}
Event: 10.449 GC heap before
{Heap before GC invocations=40 (full 0):
 garbage-first heap   total 233472K, used 202686K [0x0000000080000000, 0x0000000100000000)
  region size 1024K, 88 young (90112K), 5 survivors (5120K)
 Metaspace       used 114441K, committed 116672K, reserved 1179648K
  class space    used 15462K, committed 16576K, reserved 1048576K
}
Event: 10.454 GC heap after
{Heap after GC invocations=41 (full 0):
 garbage-first heap   total 233472K, used 120006K [0x0000000080000000, 0x0000000100000000)
  region size 1024K, 8 young (8192K), 8 survivors (8192K)
 Metaspace       used 114441K, committed 116672K, reserved 1179648K
  class space    used 15462K, committed 16576K, reserved 1048576K
}
Event: 10.891 GC heap before
{Heap before GC invocations=41 (full 0):
 garbage-first heap   total 233472K, used 209094K [0x0000000080000000, 0x0000000100000000)
  region size 1024K, 96 young (98304K), 8 survivors (8192K)
 Metaspace       used 118009K, committed 120256K, reserved 1179648K
  class space    used 15905K, committed 17024K, reserved 1048576K
}
Event: 10.896 GC heap after
{Heap after GC invocations=42 (full 0):
 garbage-first heap   total 233472K, used 124945K [0x0000000080000000, 0x0000000100000000)
  region size 1024K, 11 young (11264K), 11 survivors (11264K)
 Metaspace       used 118009K, committed 120256K, reserved 1179648K
  class space    used 15905K, committed 17024K, reserved 1048576K
}

